<?xml version="1.0" encoding="UTF-8"?>
<!-- Generated by org.testng.reporters.JUnitReportReporter -->
<testsuite skipped="0" hostname="12HW000577" name="module9.DDT.CaseStudyModule9" tests="1" failures="0" timestamp="24 May 2018 18:40:30 GMT" time="9.472" errors="0">
  <testcase name="EdurekaTest" time="9.472" classname="module9.DDT.CaseStudyModule9"/>
</testsuite> <!-- module9.DDT.CaseStudyModule9 -->
