<?xml version="1.0" encoding="UTF-8"?>
<!-- Generated by org.testng.reporters.JUnitReportReporter -->
<testsuite skipped="0" hostname="12HW000577" name="module9.DDT.DDT1" tests="2" failures="0" timestamp="20 May 2018 17:01:06 GMT" time="28.526" errors="0">
  <testcase name="ChromeTest" time="16.573" classname="module9.DDT.DDT1"/>
  <testcase name="ChromeTest" time="11.953" classname="module9.DDT.DDT1"/>
</testsuite> <!-- module9.DDT.DDT1 -->
