<?xml version="1.0" encoding="UTF-8"?>
<!-- Generated by org.testng.reporters.JUnitReportReporter -->
<testsuite skipped="0" hostname="12HW000577" name="module6.AnnotationDemo" tests="1" failures="0" timestamp="12 May 2018 09:53:29 GMT" time="0.015" errors="0">
  <testcase name="f" time="0.015" classname="module6.AnnotationDemo"/>
</testsuite> <!-- module6.AnnotationDemo -->
