<?xml version="1.0" encoding="UTF-8"?>
<!-- Generated by org.testng.reporters.JUnitReportReporter -->
<testsuite skipped="0" hostname="12HW000577" name="module6casestudy.CaseStudy" tests="3" failures="0" timestamp="21 May 2018 20:00:20 GMT" time="9.671" errors="0">
  <testcase name="Login" time="0.738" classname="module6casestudy.CaseStudy"/>
  <testcase name="EdurekaTest" time="0.379" classname="module6casestudy.CaseStudy"/>
  <testcase name="AllCourses" time="8.554" classname="module6casestudy.CaseStudy"/>
</testsuite> <!-- module6casestudy.CaseStudy -->
