<?xml version="1.0" encoding="UTF-8"?>
<!-- Generated by org.testng.reporters.JUnitReportReporter -->
<testsuite skipped="0" hostname="12HW000577" name="module6.Parameterization" tests="2" failures="0" timestamp="13 May 2018 12:50:04 GMT" time="0.007" errors="0">
  <testcase name="ParameterisingTest" time="0.001" classname="module6.Parameterization"/>
  <testcase name="ParameterisingTest" time="0.006" classname="module6.Parameterization"/>
</testsuite> <!-- module6.Parameterization -->
