<?xml version="1.0" encoding="UTF-8"?>
<!-- Generated by org.testng.reporters.JUnitReportReporter -->
<testsuite skipped="0" hostname="12HW000577" name="module6.MultipleTest" tests="4" failures="0" timestamp="21 May 2018 19:45:30 GMT" time="0.030" errors="0">
  <testcase name="Priya" time="0.015" classname="module6.MultipleTest"/>
  <testcase name="Rajesh" time="0.000" classname="module6.MultipleTest"/>
  <testcase name="Walter" time="0.015" classname="module6.MultipleTest"/>
  <testcase name="Vignesh" time="0.000" classname="module6.MultipleTest"/>
</testsuite> <!-- module6.MultipleTest -->
