<?xml version="1.0" encoding="UTF-8"?>
<!-- Generated by org.testng.reporters.JUnitReportReporter -->
<testsuite skipped="0" hostname="12HW000577" name="module9.DDT.DDT2" tests="3" failures="0" timestamp="20 May 2018 19:49:21 GMT" time="16.650" errors="0">
  <testcase name="ChromeTest" time="5.441" classname="module9.DDT.DDT2"/>
  <testcase name="ChromeTest" time="5.638" classname="module9.DDT.DDT2"/>
  <testcase name="ChromeTest" time="5.571" classname="module9.DDT.DDT2"/>
</testsuite> <!-- module9.DDT.DDT2 -->
