<?xml version="1.0" encoding="UTF-8"?>
<!-- Generated by org.testng.reporters.JUnitReportReporter -->
<testsuite skipped="0" hostname="12HW000577" name="module6.Scenario3" tests="2" failures="0" timestamp="13 May 2018 14:56:32 GMT" time="9.505" errors="0">
  <testcase name="login_TestCase" time="9.422" classname="module6.Scenario3"/>
  <testcase name="login_TestCase" time="0.083" classname="module6.Scenario3"/>
</testsuite> <!-- module6.Scenario3 -->
