<?xml version="1.0" encoding="UTF-8"?>
<!-- Generated by org.testng.reporters.JUnitReportReporter -->
<testsuite skipped="0" hostname="12HW000577" name="module6.Scenario2" tests="4" failures="0" timestamp="13 May 2018 12:22:53 GMT" time="0.024" errors="0">
  <testcase name="TC2" time="0.013" classname="module6.Scenario2"/>
  <testcase name="TC4" time="0.003" classname="module6.Scenario2"/>
  <testcase name="TC6" time="0.002" classname="module6.Scenario2"/>
  <testcase name="TC5" time="0.006" classname="module6.Scenario2"/>
</testsuite> <!-- module6.Scenario2 -->
